[网关] 正在启动代理网关...
HTTP/SOCKS5 proxy listening on 127.0.0.1:7928
[网关] 代理网关已成功启动监听，启动同步与检测脚本...
[守护线程] 开始执行节点拉取与可用性检测周期任务...
[fetch_candidates] 尝试拉取 https://www.vpngate.net/api/iphone/ (SSL验证: True, 第 1 次尝试)...
UI: http://:::8787/
Proxy: http://127.0.0.1:7928
[警告] 绑定 Web 管理后台 IPv6 :::8787 失败 ([Errno 98] Address already in use)，正在尝试回退至 IPv4 0.0.0.0 ...
Traceback (most recent call last):
  File "/opt/aimilivpn/vpngate_manager.py", line 55, in __init__
    super().__init__(server_address, RequestHandlerClass, bind_and_activate)
  File "/usr/lib/python3.11/socketserver.py", line 456, in __init__
    self.server_bind()
  File "/opt/aimilivpn/vpngate_manager.py", line 76, in server_bind
    super().server_bind()
  File "/usr/lib/python3.11/http/server.py", line 136, in server_bind
    socketserver.TCPServer.server_bind(self)
  File "/usr/lib/python3.11/socketserver.py", line 472, in server_bind
    self.socket.bind(self.server_address)
OSError: [Errno 98] Address already in use

During handling of the above exception, another exception occurred:

Traceback (most recent call last):
  File "/opt/aimilivpn/vpngate_manager.py", line 5544, in <module>
    main()
  File "/opt/aimilivpn/vpngate_manager.py", line 5541, in main
    DualStackHTTPServer((ui_host, ui_port), Handler).serve_forever()
    ^^^^^^^^^^^^^^^^^^^^^^^^^^^^^^^^^^^^^^^^^^^^^^^^
  File "/opt/aimilivpn/vpngate_manager.py", line 66, in __init__
    super().__init__((fallback_host, port), RequestHandlerClass, bind_and_activate)
  File "/usr/lib/python3.11/socketserver.py", line 456, in __init__
    self.server_bind()
  File "/opt/aimilivpn/vpngate_manager.py", line 76, in server_bind
    super().server_bind()
  File "/usr/lib/python3.11/http/server.py", line 136, in server_bind
    socketserver.TCPServer.server_bind(self)
  File "/usr/lib/python3.11/socketserver.py", line 472, in server_bind
    self.socket.bind(self.server_address)
OSError: [Errno 98] Address already in use
[网关] 正在启动代理网关...
HTTP/SOCKS5 proxy listening on 127.0.0.1:7928
[网关] 代理网关已成功启动监听，启动同步与检测脚本...
[守护线程] 开始执行节点拉取与可用性检测周期任务...
UI: http://:::8787/
Proxy: http://127.0.0.1:7928
[警告] 绑定 Web 管理后台 IPv6 :::8787 失败 ([Errno 98] Address already in use)，正在尝试回退至 IPv4 0.0.0.0 ...
Traceback (most recent call last):
  File "/opt/aimilivpn/vpngate_manager.py", line 55, in __init__
    super().__init__(server_address, RequestHandlerClass, bind_and_activate)
  File "/usr/lib/python3.11/socketserver.py", line 456, in __init__
    self.server_bind()
  File "/opt/aimilivpn/vpngate_manager.py", line 76, in server_bind
    super().server_bind()
  File "/usr/lib/python3.11/http/server.py", line 136, in server_bind
    socketserver.TCPServer.server_bind(self)
  File "/usr/lib/python3.11/socketserver.py", line 472, in server_bind
    self.socket.bind(self.server_address)
OSError: [Errno 98] Address already in use

During handling of the above exception, another exception occurred:

Traceback (most recent call last):
  File "/opt/aimilivpn/vpngate_manager.py", line 5544, in <module>
    main()
  File "/opt/aimilivpn/vpngate_manager.py", line 5541, in main
[fetch_candidates] 尝试拉取 https://www.vpngate.net/api/iphone/ (SSL验证: True, 第 1 次尝试)...
    DualStackHTTPServer((ui_host, ui_port), Handler).serve_forever()
    ^^^^^^^^^^^^^^^^^^^^^^^^^^^^^^^^^^^^^^^^^^^^^^^^
  File "/opt/aimilivpn/vpngate_manager.py", line 66, in __init__
    super().__init__((fallback_host, port), RequestHandlerClass, bind_and_activate)
  File "/usr/lib/python3.11/socketserver.py", line 456, in __init__
    self.server_bind()
  File "/opt/aimilivpn/vpngate_manager.py", line 76, in server_bind
    super().server_bind()
  File "/usr/lib/python3.11/http/server.py", line 136, in server_bind
    socketserver.TCPServer.server_bind(self)
  File "/usr/lib/python3.11/socketserver.py", line 472, in server_bind
    self.socket.bind(self.server_address)
OSError: [Errno 98] Address already in use
[网关] 正在启动代理网关...
HTTP/SOCKS5 proxy listening on 127.0.0.1:7928
[网关] 代理网关已成功启动监听，启动同步与检测脚本...
[守护线程] 开始执行节点拉取与可用性检测周期任务...
UI: http://:::8787/
Proxy: http://127.0.0.1:7928
[警告] 绑定 Web 管理后台 IPv6 :::8787 失败 ([Errno 98] Address already in use)，正在尝试回退至 IPv4 0.0.0.0 ...
Traceback (most recent call last):
  File "/opt/aimilivpn/vpngate_manager.py", line 55, in __init__
    super().__init__(server_address, RequestHandlerClass, bind_and_activate)
  File "/usr/lib/python3.11/socketserver.py", line 456, in __init__
    self.server_bind()
  File "/opt/aimilivpn/vpngate_manager.py", line 76, in server_bind
    super().server_bind()
  File "/usr/lib/python3.11/http/server.py", line 136, in server_bind
    socketserver.TCPServer.server_bind(self)
  File "/usr/lib/python3.11/socketserver.py", line 472, in server_bind
    self.socket.bind(self.server_address)
OSError: [Errno 98] Address already in use

During handling of the above exception, another exception occurred:

Traceback (most recent call last):
  File "/opt/aimilivpn/vpngate_manager.py", line 5544, in <module>
[fetch_candidates] 尝试拉取 https://www.vpngate.net/api/iphone/ (SSL验证: True, 第 1 次尝试)...
    main()
  File "/opt/aimilivpn/vpngate_manager.py", line 5541, in main
    DualStackHTTPServer((ui_host, ui_port), Handler).serve_forever()
    ^^^^^^^^^^^^^^^^^^^^^^^^^^^^^^^^^^^^^^^^^^^^^^^^
  File "/opt/aimilivpn/vpngate_manager.py", line 66, in __init__
    super().__init__((fallback_host, port), RequestHandlerClass, bind_and_activate)
  File "/usr/lib/python3.11/socketserver.py", line 456, in __init__
    self.server_bind()
  File "/opt/aimilivpn/vpngate_manager.py", line 76, in server_bind
    super().server_bind()
  File "/usr/lib/python3.11/http/server.py", line 136, in server_bind
    socketserver.TCPServer.server_bind(self)
  File "/usr/lib/python3.11/socketserver.py", line 472, in server_bind
    self.socket.bind(self.server_address)
OSError: [Errno 98] Address already in use
[网关] 正在启动代理网关...
HTTP/SOCKS5 proxy listening on 127.0.0.1:7928
[网关] 代理网关已成功启动监听，启动同步与检测脚本...
[守护线程] 开始执行节点拉取与可用性检测周期任务...
[fetch_candidates] 尝试拉取 https://www.vpngate.net/api/iphone/ (SSL验证: True, 第 1 次尝试)...
UI: http://:::8787/
Proxy: http://127.0.0.1:7928
[警告] 绑定 Web 管理后台 IPv6 :::8787 失败 ([Errno 98] Address already in use)，正在尝试回退至 IPv4 0.0.0.0 ...
Traceback (most recent call last):
  File "/opt/aimilivpn/vpngate_manager.py", line 55, in __init__
    super().__init__(server_address, RequestHandlerClass, bind_and_activate)
  File "/usr/lib/python3.11/socketserver.py", line 456, in __init__
    self.server_bind()
  File "/opt/aimilivpn/vpngate_manager.py", line 76, in server_bind
    super().server_bind()
  File "/usr/lib/python3.11/http/server.py", line 136, in server_bind
    socketserver.TCPServer.server_bind(self)
  File "/usr/lib/python3.11/socketserver.py", line 472, in server_bind
    self.socket.bind(self.server_address)
OSError: [Errno 98] Address already in use

During handling of the above exception, another exception occurred:

Traceback (most recent call last):
  File "/opt/aimilivpn/vpngate_manager.py", line 5544, in <module>
    main()
  File "/opt/aimilivpn/vpngate_manager.py", line 5541, in main
    DualStackHTTPServer((ui_host, ui_port), Handler).serve_forever()
    ^^^^^^^^^^^^^^^^^^^^^^^^^^^^^^^^^^^^^^^^^^^^^^^^
  File "/opt/aimilivpn/vpngate_manager.py", line 66, in __init__
    super().__init__((fallback_host, port), RequestHandlerClass, bind_and_activate)
  File "/usr/lib/python3.11/socketserver.py", line 456, in __init__
    self.server_bind()
  File "/opt/aimilivpn/vpngate_manager.py", line 76, in server_bind
    super().server_bind()
  File "/usr/lib/python3.11/http/server.py", line 136, in server_bind
    socketserver.TCPServer.server_bind(self)
  File "/usr/lib/python3.11/socketserver.py", line 472, in server_bind
    self.socket.bind(self.server_address)
OSError: [Errno 98] Address already in use
[网关] 正在启动代理网关...
HTTP/SOCKS5 proxy listening on 127.0.0.1:7928
[网关] 代理网关已成功启动监听，启动同步与检测脚本...
[守护线程] 开始执行节点拉取与可用性检测周期任务...
[fetch_candidates] 尝试拉取 https://www.vpngate.net/api/iphone/ (SSL验证: True, 第 1 次尝试)...
UI: http://:::8787/
Proxy: http://127.0.0.1:7928
[警告] 绑定 Web 管理后台 IPv6 :::8787 失败 ([Errno 98] Address already in use)，正在尝试回退至 IPv4 0.0.0.0 ...
Traceback (most recent call last):
  File "/opt/aimilivpn/vpngate_manager.py", line 55, in __init__
    super().__init__(server_address, RequestHandlerClass, bind_and_activate)
  File "/usr/lib/python3.11/socketserver.py", line 456, in __init__
    self.server_bind()
  File "/opt/aimilivpn/vpngate_manager.py", line 76, in server_bind
    super().server_bind()
  File "/usr/lib/python3.11/http/server.py", line 136, in server_bind
    socketserver.TCPServer.server_bind(self)
  File "/usr/lib/python3.11/socketserver.py", line 472, in server_bind
    self.socket.bind(self.server_address)
OSError: [Errno 98] Address already in use

During handling of the above exception, another exception occurred:

Traceback (most recent call last):
  File "/opt/aimilivpn/vpngate_manager.py", line 5544, in <module>
    main()
  File "/opt/aimilivpn/vpngate_manager.py", line 5541, in main
    DualStackHTTPServer((ui_host, ui_port), Handler).serve_forever()
    ^^^^^^^^^^^^^^^^^^^^^^^^^^^^^^^^^^^^^^^^^^^^^^^^
  File "/opt/aimilivpn/vpngate_manager.py", line 66, in __init__
    super().__init__((fallback_host, port), RequestHandlerClass, bind_and_activate)
  File "/usr/lib/python3.11/socketserver.py", line 456, in __init__
    self.server_bind()
  File "/opt/aimilivpn/vpngate_manager.py", line 76, in server_bind
    super().server_bind()
  File "/usr/lib/python3.11/http/server.py", line 136, in server_bind
    socketserver.TCPServer.server_bind(self)
  File "/usr/lib/python3.11/socketserver.py", line 472, in server_bind
    self.socket.bind(self.server_address)
OSError: [Errno 98] Address already in use
[网关] 正在启动代理网关...
HTTP/SOCKS5 proxy listening on 127.0.0.1:7928
[网关] 代理网关已成功启动监听，启动同步与检测脚本...
[守护线程] 开始执行节点拉取与可用性检测周期任务...
[fetch_candidates] 尝试拉取 https://www.vpngate.net/api/iphone/ (SSL验证: True, 第 1 次尝试)...
UI: http://:::8787/
Proxy: http://127.0.0.1:7928
[警告] 绑定 Web 管理后台 IPv6 :::8787 失败 ([Errno 98] Address already in use)，正在尝试回退至 IPv4 0.0.0.0 ...
Traceback (most recent call last):
  File "/opt/aimilivpn/vpngate_manager.py", line 55, in __init__
    super().__init__(server_address, RequestHandlerClass, bind_and_activate)
  File "/usr/lib/python3.11/socketserver.py", line 456, in __init__
    self.server_bind()
  File "/opt/aimilivpn/vpngate_manager.py", line 76, in server_bind
    super().server_bind()
  File "/usr/lib/python3.11/http/server.py", line 136, in server_bind
    socketserver.TCPServer.server_bind(self)
  File "/usr/lib/python3.11/socketserver.py", line 472, in server_bind
    self.socket.bind(self.server_address)
OSError: [Errno 98] Address already in use

During handling of the above exception, another exception occurred:

Traceback (most recent call last):
  File "/opt/aimilivpn/vpngate_manager.py", line 5544, in <module>
    main()
  File "/opt/aimilivpn/vpngate_manager.py", line 5541, in main
    DualStackHTTPServer((ui_host, ui_port), Handler).serve_forever()
    ^^^^^^^^^^^^^^^^^^^^^^^^^^^^^^^^^^^^^^^^^^^^^^^^
  File "/opt/aimilivpn/vpngate_manager.py", line 66, in __init__
    super().__init__((fallback_host, port), RequestHandlerClass, bind_and_activate)
  File "/usr/lib/python3.11/socketserver.py", line 456, in __init__
    self.server_bind()
  File "/opt/aimilivpn/vpngate_manager.py", line 76, in server_bind
    super().server_bind()
  File "/usr/lib/python3.11/http/server.py", line 136, in server_bind
    socketserver.TCPServer.server_bind(self)
  File "/usr/lib/python3.11/socketserver.py", line 472, in server_bind
    self.socket.bind(self.server_address)
OSError: [Errno 98] Address already in use
[网关] 正在启动代理网关...
HTTP/SOCKS5 proxy listening on 127.0.0.1:7928
[网关] 代理网关已成功启动监听，启动同步与检测脚本...
[守护线程] 开始执行节点拉取与可用性检测周期任务...
[fetch_candidates] 尝试拉取 https://www.vpngate.net/api/iphone/ (SSL验证: True, 第 1 次尝试)...
UI: http://:::8787/
Proxy: http://127.0.0.1:7928
[警告] 绑定 Web 管理后台 IPv6 :::8787 失败 ([Errno 98] Address already in use)，正在尝试回退至 IPv4 0.0.0.0 ...
Traceback (most recent call last):
  File "/opt/aimilivpn/vpngate_manager.py", line 55, in __init__
    super().__init__(server_address, RequestHandlerClass, bind_and_activate)
  File "/usr/lib/python3.11/socketserver.py", line 456, in __init__
    self.server_bind()
  File "/opt/aimilivpn/vpngate_manager.py", line 76, in server_bind
    super().server_bind()
  File "/usr/lib/python3.11/http/server.py", line 136, in server_bind
    socketserver.TCPServer.server_bind(self)
  File "/usr/lib/python3.11/socketserver.py", line 472, in server_bind
    self.socket.bind(self.server_address)
OSError: [Errno 98] Address already in use

During handling of the above exception, another exception occurred:

Traceback (most recent call last):
  File "/opt/aimilivpn/vpngate_manager.py", line 5544, in <module>
    main()
  File "/opt/aimilivpn/vpngate_manager.py", line 5541, in main
    DualStackHTTPServer((ui_host, ui_port), Handler).serve_forever()
    ^^^^^^^^^^^^^^^^^^^^^^^^^^^^^^^^^^^^^^^^^^^^^^^^
  File "/opt/aimilivpn/vpngate_manager.py", line 66, in __init__
    super().__init__((fallback_host, port), RequestHandlerClass, bind_and_activate)
  File "/usr/lib/python3.11/socketserver.py", line 456, in __init__
    self.server_bind()
  File "/opt/aimilivpn/vpngate_manager.py", line 76, in server_bind
    super().server_bind()
  File "/usr/lib/python3.11/http/server.py", line 136, in server_bind
    socketserver.TCPServer.server_bind(self)
  File "/usr/lib/python3.11/socketserver.py", line 472, in server_bind
    self.socket.bind(self.server_address)
OSError: [Errno 98] Address already in use
[网关] 正在启动代理网关...
HTTP/SOCKS5 proxy listening on 127.0.0.1:7928
[网关] 代理网关已成功启动监听，启动同步与检测脚本...
[守护线程] 开始执行节点拉取与可用性检测周期任务...
[fetch_candidates] 尝试拉取 https://www.vpngate.net/api/iphone/ (SSL验证: True, 第 1 次尝试)...
UI: http://:::8787/
Proxy: http://127.0.0.1:7928
[警告] 绑定 Web 管理后台 IPv6 :::8787 失败 ([Errno 98] Address already in use)，正在尝试回退至 IPv4 0.0.0.0 ...
Traceback (most recent call last):
  File "/opt/aimilivpn/vpngate_manager.py", line 55, in __init__
    super().__init__(server_address, RequestHandlerClass, bind_and_activate)
  File "/usr/lib/python3.11/socketserver.py", line 456, in __init__
    self.server_bind()
  File "/opt/aimilivpn/vpngate_manager.py", line 76, in server_bind
    super().server_bind()
  File "/usr/lib/python3.11/http/server.py", line 136, in server_bind
    socketserver.TCPServer.server_bind(self)
  File "/usr/lib/python3.11/socketserver.py", line 472, in server_bind
    self.socket.bind(self.server_address)
OSError: [Errno 98] Address already in use

During handling of the above exception, another exception occurred:

Traceback (most recent call last):
  File "/opt/aimilivpn/vpngate_manager.py", line 5544, in <module>
    main()
  File "/opt/aimilivpn/vpngate_manager.py", line 5541, in main
    DualStackHTTPServer((ui_host, ui_port), Handler).serve_forever()
    ^^^^^^^^^^^^^^^^^^^^^^^^^^^^^^^^^^^^^^^^^^^^^^^^
  File "/opt/aimilivpn/vpngate_manager.py", line 66, in __init__
    super().__init__((fallback_host, port), RequestHandlerClass, bind_and_activate)
  File "/usr/lib/python3.11/socketserver.py", line 456, in __init__
    self.server_bind()
  File "/opt/aimilivpn/vpngate_manager.py", line 76, in server_bind
    super().server_bind()
  File "/usr/lib/python3.11/http/server.py", line 136, in server_bind
    socketserver.TCPServer.server_bind(self)
  File "/usr/lib/python3.11/socketserver.py", line 472, in server_bind
    self.socket.bind(self.server_address)
OSError: [Errno 98] Address already in use
[网关] 正在启动代理网关...
HTTP/SOCKS5 proxy listening on 127.0.0.1:7928
[网关] 代理网关已成功启动监听，启动同步与检测脚本...
[守护线程] 开始执行节点拉取与可用性检测周期任务...
[fetch_candidates] 尝试拉取 https://www.vpngate.net/api/iphone/ (SSL验证: True, 第 1 次尝试)...
UI: http://:::8787/
Proxy: http://127.0.0.1:7928
[警告] 绑定 Web 管理后台 IPv6 :::8787 失败 ([Errno 98] Address already in use)，正在尝试回退至 IPv4 0.0.0.0 ...
Traceback (most recent call last):
  File "/opt/aimilivpn/vpngate_manager.py", line 55, in __init__
    super().__init__(server_address, RequestHandlerClass, bind_and_activate)
  File "/usr/lib/python3.11/socketserver.py", line 456, in __init__
    self.server_bind()
  File "/opt/aimilivpn/vpngate_manager.py", line 76, in server_bind
    super().server_bind()
  File "/usr/lib/python3.11/http/server.py", line 136, in server_bind
    socketserver.TCPServer.server_bind(self)
  File "/usr/lib/python3.11/socketserver.py", line 472, in server_bind
    self.socket.bind(self.server_address)
OSError: [Errno 98] Address already in use

During handling of the above exception, another exception occurred:

Traceback (most recent call last):
  File "/opt/aimilivpn/vpngate_manager.py", line 5544, in <module>
    main()
  File "/opt/aimilivpn/vpngate_manager.py", line 5541, in main
    DualStackHTTPServer((ui_host, ui_port), Handler).serve_forever()
    ^^^^^^^^^^^^^^^^^^^^^^^^^^^^^^^^^^^^^^^^^^^^^^^^
  File "/opt/aimilivpn/vpngate_manager.py", line 66, in __init__
    super().__init__((fallback_host, port), RequestHandlerClass, bind_and_activate)
  File "/usr/lib/python3.11/socketserver.py", line 456, in __init__
    self.server_bind()
  File "/opt/aimilivpn/vpngate_manager.py", line 76, in server_bind
    super().server_bind()
  File "/usr/lib/python3.11/http/server.py", line 136, in server_bind
    socketserver.TCPServer.server_bind(self)
  File "/usr/lib/python3.11/socketserver.py", line 472, in server_bind
    self.socket.bind(self.server_address)
OSError: [Errno 98] Address already in use
[网关] 正在启动代理网关...
HTTP/SOCKS5 proxy listening on 127.0.0.1:7928
[网关] 代理网关已成功启动监听，启动同步与检测脚本...
[守护线程] 开始执行节点拉取与可用性检测周期任务...
[fetch_candidates] 尝试拉取 https://www.vpngate.net/api/iphone/ (SSL验证: True, 第 1 次尝试)...
UI: http://:::8787/
Proxy: http://127.0.0.1:7928
[警告] 绑定 Web 管理后台 IPv6 :::8787 失败 ([Errno 98] Address already in use)，正在尝试回退至 IPv4 0.0.0.0 ...
Traceback (most recent call last):
  File "/opt/aimilivpn/vpngate_manager.py", line 55, in __init__
    super().__init__(server_address, RequestHandlerClass, bind_and_activate)
  File "/usr/lib/python3.11/socketserver.py", line 456, in __init__
    self.server_bind()
  File "/opt/aimilivpn/vpngate_manager.py", line 76, in server_bind
    super().server_bind()
  File "/usr/lib/python3.11/http/server.py", line 136, in server_bind
    socketserver.TCPServer.server_bind(self)
  File "/usr/lib/python3.11/socketserver.py", line 472, in server_bind
    self.socket.bind(self.server_address)
OSError: [Errno 98] Address already in use

During handling of the above exception, another exception occurred:

Traceback (most recent call last):
  File "/opt/aimilivpn/vpngate_manager.py", line 5544, in <module>
    main()
  File "/opt/aimilivpn/vpngate_manager.py", line 5541, in main
    DualStackHTTPServer((ui_host, ui_port), Handler).serve_forever()
    ^^^^^^^^^^^^^^^^^^^^^^^^^^^^^^^^^^^^^^^^^^^^^^^^
  File "/opt/aimilivpn/vpngate_manager.py", line 66, in __init__
    super().__init__((fallback_host, port), RequestHandlerClass, bind_and_activate)
  File "/usr/lib/python3.11/socketserver.py", line 456, in __init__
    self.server_bind()
  File "/opt/aimilivpn/vpngate_manager.py", line 76, in server_bind
    super().server_bind()
  File "/usr/lib/python3.11/http/server.py", line 136, in server_bind
    socketserver.TCPServer.server_bind(self)
  File "/usr/lib/python3.11/socketserver.py", line 472, in server_bind
    self.socket.bind(self.server_address)
OSError: [Errno 98] Address already in use
[网关] 正在启动代理网关...
HTTP/SOCKS5 proxy listening on 127.0.0.1:7928
[网关] 代理网关已成功启动监听，启动同步与检测脚本...
[守护线程] 开始执行节点拉取与可用性检测周期任务...
[fetch_candidates] 尝试拉取 https://www.vpngate.net/api/iphone/ (SSL验证: True, 第 1 次尝试)...
UI: http://:::8787/
Proxy: http://127.0.0.1:7928
[警告] 绑定 Web 管理后台 IPv6 :::8787 失败 ([Errno 98] Address already in use)，正在尝试回退至 IPv4 0.0.0.0 ...
Traceback (most recent call last):
  File "/opt/aimilivpn/vpngate_manager.py", line 55, in __init__
    super().__init__(server_address, RequestHandlerClass, bind_and_activate)
  File "/usr/lib/python3.11/socketserver.py", line 456, in __init__
    self.server_bind()
  File "/opt/aimilivpn/vpngate_manager.py", line 76, in server_bind
    super().server_bind()
  File "/usr/lib/python3.11/http/server.py", line 136, in server_bind
    socketserver.TCPServer.server_bind(self)
  File "/usr/lib/python3.11/socketserver.py", line 472, in server_bind
    self.socket.bind(self.server_address)
OSError: [Errno 98] Address already in use

During handling of the above exception, another exception occurred:

Traceback (most recent call last):
  File "/opt/aimilivpn/vpngate_manager.py", line 5544, in <module>
    main()
  File "/opt/aimilivpn/vpngate_manager.py", line 5541, in main
    DualStackHTTPServer((ui_host, ui_port), Handler).serve_forever()
    ^^^^^^^^^^^^^^^^^^^^^^^^^^^^^^^^^^^^^^^^^^^^^^^^
  File "/opt/aimilivpn/vpngate_manager.py", line 66, in __init__
    super().__init__((fallback_host, port), RequestHandlerClass, bind_and_activate)
  File "/usr/lib/python3.11/socketserver.py", line 456, in __init__
    self.server_bind()
  File "/opt/aimilivpn/vpngate_manager.py", line 76, in server_bind
    super().server_bind()
  File "/usr/lib/python3.11/http/server.py", line 136, in server_bind
    socketserver.TCPServer.server_bind(self)
  File "/usr/lib/python3.11/socketserver.py", line 472, in server_bind
    self.socket.bind(self.server_address)
OSError: [Errno 98] Address already in use
[网关] 正在启动代理网关...
HTTP/SOCKS5 proxy listening on 127.0.0.1:7928
[网关] 代理网关已成功启动监听，启动同步与检测脚本...
[守护线程] 开始执行节点拉取与可用性检测周期任务...
[fetch_candidates] 尝试拉取 https://www.vpngate.net/api/iphone/ (SSL验证: True, 第 1 次尝试)...
UI: http://:::8787/
Proxy: http://127.0.0.1:7928
[警告] 绑定 Web 管理后台 IPv6 :::8787 失败 ([Errno 98] Address already in use)，正在尝试回退至 IPv4 0.0.0.0 ...
Traceback (most recent call last):
  File "/opt/aimilivpn/vpngate_manager.py", line 55, in __init__
    super().__init__(server_address, RequestHandlerClass, bind_and_activate)
  File "/usr/lib/python3.11/socketserver.py", line 456, in __init__
    self.server_bind()
  File "/opt/aimilivpn/vpngate_manager.py", line 76, in server_bind
    super().server_bind()
  File "/usr/lib/python3.11/http/server.py", line 136, in server_bind
    socketserver.TCPServer.server_bind(self)
  File "/usr/lib/python3.11/socketserver.py", line 472, in server_bind
    self.socket.bind(self.server_address)
OSError: [Errno 98] Address already in use

During handling of the above exception, another exception occurred:

Traceback (most recent call last):
  File "/opt/aimilivpn/vpngate_manager.py", line 5544, in <module>
    main()
  File "/opt/aimilivpn/vpngate_manager.py", line 5541, in main
    DualStackHTTPServer((ui_host, ui_port), Handler).serve_forever()
    ^^^^^^^^^^^^^^^^^^^^^^^^^^^^^^^^^^^^^^^^^^^^^^^^
  File "/opt/aimilivpn/vpngate_manager.py", line 66, in __init__
    super().__init__((fallback_host, port), RequestHandlerClass, bind_and_activate)
  File "/usr/lib/python3.11/socketserver.py", line 456, in __init__
    self.server_bind()
  File "/opt/aimilivpn/vpngate_manager.py", line 76, in server_bind
    super().server_bind()
  File "/usr/lib/python3.11/http/server.py", line 136, in server_bind
    socketserver.TCPServer.server_bind(self)
  File "/usr/lib/python3.11/socketserver.py", line 472, in server_bind
    self.socket.bind(self.server_address)
OSError: [Errno 98] Address already in use
[网关] 正在启动代理网关...
HTTP/SOCKS5 proxy listening on 127.0.0.1:7928
[网关] 代理网关已成功启动监听，启动同步与检测脚本...
[守护线程] 开始执行节点拉取与可用性检测周期任务...
[fetch_candidates] 尝试拉取 https://www.vpngate.net/api/iphone/ (SSL验证: True, 第 1 次尝试)...
UI: http://:::8787/
Proxy: http://127.0.0.1:7928
[警告] 绑定 Web 管理后台 IPv6 :::8787 失败 ([Errno 98] Address already in use)，正在尝试回退至 IPv4 0.0.0.0 ...
Traceback (most recent call last):
  File "/opt/aimilivpn/vpngate_manager.py", line 55, in __init__
    super().__init__(server_address, RequestHandlerClass, bind_and_activate)
  File "/usr/lib/python3.11/socketserver.py", line 456, in __init__
    self.server_bind()
  File "/opt/aimilivpn/vpngate_manager.py", line 76, in server_bind
    super().server_bind()
  File "/usr/lib/python3.11/http/server.py", line 136, in server_bind
    socketserver.TCPServer.server_bind(self)
  File "/usr/lib/python3.11/socketserver.py", line 472, in server_bind
    self.socket.bind(self.server_address)
OSError: [Errno 98] Address already in use

During handling of the above exception, another exception occurred:

Traceback (most recent call last):
  File "/opt/aimilivpn/vpngate_manager.py", line 5544, in <module>
    main()
  File "/opt/aimilivpn/vpngate_manager.py", line 5541, in main
    DualStackHTTPServer((ui_host, ui_port), Handler).serve_forever()
    ^^^^^^^^^^^^^^^^^^^^^^^^^^^^^^^^^^^^^^^^^^^^^^^^
  File "/opt/aimilivpn/vpngate_manager.py", line 66, in __init__
    super().__init__((fallback_host, port), RequestHandlerClass, bind_and_activate)
  File "/usr/lib/python3.11/socketserver.py", line 456, in __init__
    self.server_bind()
  File "/opt/aimilivpn/vpngate_manager.py", line 76, in server_bind
    super().server_bind()
  File "/usr/lib/python3.11/http/server.py", line 136, in server_bind
    socketserver.TCPServer.server_bind(self)
  File "/usr/lib/python3.11/socketserver.py", line 472, in server_bind
    self.socket.bind(self.server_address)
OSError: [Errno 98] Address already in use
[网关] 正在启动代理网关...
HTTP/SOCKS5 proxy listening on 127.0.0.1:7928
[网关] 代理网关已成功启动监听，启动同步与检测脚本...
[守护线程] 开始执行节点拉取与可用性检测周期任务...
[fetch_candidates] 尝试拉取 https://www.vpngate.net/api/iphone/ (SSL验证: True, 第 1 次尝试)...
UI: http://:::8787/
Proxy: http://127.0.0.1:7928
[警告] 绑定 Web 管理后台 IPv6 :::8787 失败 ([Errno 98] Address already in use)，正在尝试回退至 IPv4 0.0.0.0 ...
Traceback (most recent call last):
  File "/opt/aimilivpn/vpngate_manager.py", line 55, in __init__
    super().__init__(server_address, RequestHandlerClass, bind_and_activate)
  File "/usr/lib/python3.11/socketserver.py", line 456, in __init__
    self.server_bind()
  File "/opt/aimilivpn/vpngate_manager.py", line 76, in server_bind
    super().server_bind()
  File "/usr/lib/python3.11/http/server.py", line 136, in server_bind
    socketserver.TCPServer.server_bind(self)
  File "/usr/lib/python3.11/socketserver.py", line 472, in server_bind
    self.socket.bind(self.server_address)
OSError: [Errno 98] Address already in use

During handling of the above exception, another exception occurred:

Traceback (most recent call last):
  File "/opt/aimilivpn/vpngate_manager.py", line 5544, in <module>
    main()
  File "/opt/aimilivpn/vpngate_manager.py", line 5541, in main
    DualStackHTTPServer((ui_host, ui_port), Handler).serve_forever()
    ^^^^^^^^^^^^^^^^^^^^^^^^^^^^^^^^^^^^^^^^^^^^^^^^
  File "/opt/aimilivpn/vpngate_manager.py", line 66, in __init__
    super().__init__((fallback_host, port), RequestHandlerClass, bind_and_activate)
  File "/usr/lib/python3.11/socketserver.py", line 456, in __init__
    self.server_bind()
  File "/opt/aimilivpn/vpngate_manager.py", line 76, in server_bind
    super().server_bind()
  File "/usr/lib/python3.11/http/server.py", line 136, in server_bind
    socketserver.TCPServer.server_bind(self)
  File "/usr/lib/python3.11/socketserver.py", line 472, in server_bind
    self.socket.bind(self.server_address)
OSError: [Errno 98] Address already in use
[网关] 正在启动代理网关...
HTTP/SOCKS5 proxy listening on 127.0.0.1:7928
[网关] 正在启动代理网关...
HTTP/SOCKS5 proxy listening on 127.0.0.1:7928
[网关] 代理网关已成功启动监听，启动同步与检测脚本...
[守护线程] 开始执行节点拉取与可用性检测周期任务...
[fetch_candidates] 尝试拉取 https://www.vpngate.net/api/iphone/ (SSL验证: True, 第 1 次尝试)...
UI: http://:::8787/
Proxy: http://127.0.0.1:7928
[周期检测] 开始对列表中所有候选节点进行周期连通性与延迟测试，待检测节点共 97 个
[15/Jun/2026 01:40:50] "GET /EJsW2EeBo9lY/ HTTP/1.1" 200 -
[15/Jun/2026 01:40:50] "GET /favicon.ico HTTP/1.1" 404 -
[15/Jun/2026 01:41:17] "POST /EJsW2EeBo9lY/api/login HTTP/1.1" 403 -
[15/Jun/2026 01:42:02] "POST /EJsW2EeBo9lY/api/login HTTP/1.1" 200 -
[15/Jun/2026 01:42:03] "GET /EJsW2EeBo9lY/ HTTP/1.1" 200 -
[15/Jun/2026 01:42:03] "GET /EJsW2EeBo9lY/api/nodes HTTP/1.1" 200 -
[15/Jun/2026 01:42:03] "GET /favicon.ico HTTP/1.1" 404 -
[15/Jun/2026 01:42:04] "GET /EJsW2EeBo9lY/api/nodes HTTP/1.1" 200 -
[15/Jun/2026 01:42:05] "GET /EJsW2EeBo9lY/api/nodes HTTP/1.1" 200 -
[周期检测] 周期节点检测完成。实时同步状态: 获取到候选节点共 97 个。 其中【可用节点】45 个: ['TH_49.49.235.188_1319_udp', 'JP_39.111.168.184_1940_tcp', 'JP_125.52.201.143_1713_tcp', 'JP_182.170.170.150_1841_tcp', 'JP_126.221.31.122_1837_tcp', 'TH_49.228.123.113_1561_udp', 'JP_153.151.203.235_1832_tcp', 'JP_126.220.125.3_1323_tcp', 'JP_60.75.209.134_1926_tcp', 'TH_184.22.78.76_1307_udp', 'KR_61.252.210.134_995_tcp', 'KR_59.5.123.29_995_tcp', 'JP_115.179.206.241_443_tcp', 'KR_220.123.3.83_995_tcp', 'KR_220.84.252.19_995_tcp']...; 【不可用节点】52 个; 当前【正在正常运行的活动连接节点】为: 无。
[自动切换] 当前连接已失效或代理连通性检测失败，正在自动切换至最佳备用节点: JP_219.100.37.192_443_tcp
[policy_routing] Cleared policy routing table 100
[OpenVPN] 2026-06-15 01:42:05 Note: cipher 'AES-128-CBC' in --data-ciphers is not supported by ovpn-dco, disabling data channel offload.
[OpenVPN] 2026-06-15 01:42:05 OpenVPN 2.6.14 x86_64-pc-linux-gnu [SSL (OpenSSL)] [LZO] [LZ4] [EPOLL] [PKCS11] [MH/PKTINFO] [AEAD] [DCO]
[OpenVPN] 2026-06-15 01:42:05 library versions: OpenSSL 3.0.20 7 Apr 2026, LZO 2.10
[OpenVPN] 2026-06-15 01:42:05 DCO version: N/A
[OpenVPN] 2026-06-15 01:42:05 WARNING: No server certificate verification method has been enabled.  See http://openvpn.net/howto.html#mitm for more info.
[OpenVPN] 2026-06-15 01:42:05 WARNING: experimental option --capath /etc/ssl/certs
[OpenVPN] 2026-06-15 01:42:05 TCP/UDP: Preserving recently used remote address: [AF_INET]219.100.37.192:443
[OpenVPN] 2026-06-15 01:42:05 Socket Buffers: R=[131072->131072] S=[16384->16384]
[OpenVPN] 2026-06-15 01:42:05 Attempting to establish TCP connection with [AF_INET]219.100.37.192:443
[OpenVPN] 2026-06-15 01:42:05 TCP connection established with [AF_INET]219.100.37.192:443
[OpenVPN] 2026-06-15 01:42:05 TCPv4_CLIENT link local: (not bound)
[OpenVPN] 2026-06-15 01:42:05 TCPv4_CLIENT link remote: [AF_INET]219.100.37.192:443
[OpenVPN] 2026-06-15 01:42:05 TLS: Initial packet from [AF_INET]219.100.37.192:443, sid=2e8c6bae 3b4d9e54
[OpenVPN] 2026-06-15 01:42:05 VERIFY WARNING: depth=0, unable to get certificate CRL: CN=opengw.net
[OpenVPN] 2026-06-15 01:42:05 VERIFY WARNING: depth=1, unable to get certificate CRL: C=US, O=Let's Encrypt, CN=YR1
[OpenVPN] 2026-06-15 01:42:05 VERIFY WARNING: depth=2, unable to get certificate CRL: C=US, O=ISRG, CN=Root YR
[OpenVPN] 2026-06-15 01:42:05 VERIFY WARNING: depth=3, unable to get certificate CRL: C=US, O=Internet Security Research Group, CN=ISRG Root X1
[OpenVPN] 2026-06-15 01:42:05 VERIFY OK: depth=3, C=US, O=Internet Security Research Group, CN=ISRG Root X1
[OpenVPN] 2026-06-15 01:42:05 VERIFY OK: depth=2, C=US, O=ISRG, CN=Root YR
[OpenVPN] 2026-06-15 01:42:05 VERIFY OK: depth=1, C=US, O=Let's Encrypt, CN=YR1
[OpenVPN] 2026-06-15 01:42:05 VERIFY OK: depth=0, CN=opengw.net
[OpenVPN] 2026-06-15 01:42:06 Control Channel: TLSv1.3, cipher TLSv1.3 TLS_AES_256_GCM_SHA384, peer certificate: 2048 bits RSA, signature: RSA-SHA256, peer temporary key: 253 bits X25519
[OpenVPN] 2026-06-15 01:42:06 [opengw.net] Peer Connection Initiated with [AF_INET]219.100.37.192:443
[OpenVPN] 2026-06-15 01:42:06 TLS: move_session: dest=TM_ACTIVE src=TM_INITIAL reinit_src=1
[OpenVPN] 2026-06-15 01:42:06 TLS: tls_multi_process: initial untrusted session promoted to trusted
[OpenVPN] 2026-06-15 01:42:07 SENT CONTROL [opengw.net]: 'PUSH_REQUEST' (status=1)
[OpenVPN] 2026-06-15 01:42:08 PUSH: Received control message: 'PUSH_REPLY,ping 3,ping-restart 10,ifconfig 10.244.249.253 10.244.249.254,dhcp-option DNS 10.244.254.254,dhcp-option DNS 8.8.8.8,route-gateway 10.244.249.254,redirect-gateway def1'
[OpenVPN] 2026-06-15 01:42:08 Options error: option 'dhcp-option' cannot be used in this context ([PUSH-OPTIONS])
[OpenVPN] 2026-06-15 01:42:08 Options error: option 'dhcp-option' cannot be used in this context ([PUSH-OPTIONS])
[OpenVPN] 2026-06-15 01:42:08 Options error: option 'redirect-gateway' cannot be used in this context ([PUSH-OPTIONS])
[OpenVPN] 2026-06-15 01:42:08 OPTIONS IMPORT: --ifconfig/up options modified
[OpenVPN] 2026-06-15 01:42:08 OPTIONS IMPORT: route-related options modified
[OpenVPN] 2026-06-15 01:42:08 Using peer cipher 'AES-128-CBC'
[OpenVPN] 2026-06-15 01:42:08 TUN/TAP device tun0 opened
[OpenVPN] 2026-06-15 01:42:08 net_iface_mtu_set: mtu 1500 for tun0
[OpenVPN] 2026-06-15 01:42:08 net_iface_up: set tun0 up
[OpenVPN] 2026-06-15 01:42:08 net_addr_ptp_v4_add: 10.244.249.253 peer 10.244.249.254 dev tun0
[OpenVPN] 2026-06-15 01:42:08 Data Channel: cipher 'AES-128-CBC', auth 'SHA1'
[OpenVPN] 2026-06-15 01:42:08 Timers: ping 3, ping-restart 10
[OpenVPN] 2026-06-15 01:42:10 Initialization Sequence Completed
[policy_routing] Enabled policy routing for interface tun0 (attempt 1 success)
[15/Jun/2026 01:42:11] "GET /EJsW2EeBo9lY/api/nodes HTTP/1.1" 200 -
[15/Jun/2026 01:42:11] "GET /EJsW2EeBo9lY/api/nodes HTTP/1.1" 200 -
[15/Jun/2026 01:42:12] "GET /EJsW2EeBo9lY/api/nodes HTTP/1.1" 200 -
[15/Jun/2026 01:42:12] "GET /EJsW2EeBo9lY/api/nodes HTTP/1.1" 200 -
[15/Jun/2026 01:42:12] "GET /EJsW2EeBo9lY/api/nodes HTTP/1.1" 200 -
[15/Jun/2026 01:42:12] "GET /EJsW2EeBo9lY/api/nodes HTTP/1.1" 200 -
[15/Jun/2026 01:42:13] "POST /EJsW2EeBo9lY/api/test_proxy HTTP/1.1" 200 -
[15/Jun/2026 01:42:13] "GET /EJsW2EeBo9lY/api/nodes HTTP/1.1" 200 -
[15/Jun/2026 01:42:13] "GET /EJsW2EeBo9lY/api/nodes HTTP/1.1" 200 -
[15/Jun/2026 01:42:13] "POST /EJsW2EeBo9lY/api/test_proxy HTTP/1.1" 200 -
[15/Jun/2026 01:42:13] "GET /EJsW2EeBo9lY/api/nodes HTTP/1.1" 200 -
[15/Jun/2026 01:42:13] "POST /EJsW2EeBo9lY/api/test_proxy HTTP/1.1" 200 -
[15/Jun/2026 01:42:13] "POST /EJsW2EeBo9lY/api/test_proxy HTTP/1.1" 200 -
[15/Jun/2026 01:42:13] "POST /EJsW2EeBo9lY/api/test_proxy HTTP/1.1" 200 -
[15/Jun/2026 01:42:13] "GET /EJsW2EeBo9lY/api/nodes HTTP/1.1" 200 -
[15/Jun/2026 01:42:14] "GET /EJsW2EeBo9lY/api/nodes HTTP/1.1" 200 -
[15/Jun/2026 01:42:14] "GET /EJsW2EeBo9lY/api/nodes HTTP/1.1" 200 -
[15/Jun/2026 01:42:14] "POST /EJsW2EeBo9lY/api/test_proxy HTTP/1.1" 200 -
[15/Jun/2026 01:42:15] "GET /EJsW2EeBo9lY/api/nodes HTTP/1.1" 200 -
[15/Jun/2026 01:42:23] "GET /EJsW2EeBo9lY/api/nodes HTTP/1.1" 200 -
[15/Jun/2026 01:42:24] "POST /EJsW2EeBo9lY/api/update_settings HTTP/1.1" 200 -
[系统] 代理出站端口变更，进程即将退出以触发自动重启...
[网关] 正在启动代理网关...
HTTP/SOCKS5 proxy listening on 127.0.0.1:7929
[网关] 代理网关已成功启动监听，启动同步与检测脚本...
[守护线程] 开始执行节点拉取与可用性检测周期任务...
UI: http://:::8787/
Proxy: http://127.0.0.1:7929
[fetch_candidates] 尝试拉取 https://www.vpngate.net/api/iphone/ (SSL验证: True, 第 1 次尝试)...
[周期检测] 开始对列表中所有候选节点进行周期连通性与延迟测试，待检测节点共 97 个
[15/Jun/2026 01:42:35] "GET /EJsW2EeBo9lY/ HTTP/1.1" 200 -
[15/Jun/2026 01:42:35] "GET /favicon.ico HTTP/1.1" 404 -
[15/Jun/2026 01:42:38] "POST /EJsW2EeBo9lY/api/login HTTP/1.1" 200 -
[15/Jun/2026 01:42:38] "GET /EJsW2EeBo9lY/ HTTP/1.1" 200 -
[15/Jun/2026 01:42:38] "GET /EJsW2EeBo9lY/api/nodes HTTP/1.1" 200 -
[15/Jun/2026 01:42:38] "GET /favicon.ico HTTP/1.1" 404 -
[15/Jun/2026 01:42:39] "GET /EJsW2EeBo9lY/api/nodes HTTP/1.1" 200 -
[15/Jun/2026 01:42:40] "GET /EJsW2EeBo9lY/api/nodes HTTP/1.1" 200 -
[15/Jun/2026 01:42:41] "GET /EJsW2EeBo9lY/api/nodes HTTP/1.1" 200 -
[15/Jun/2026 01:42:42] "GET /EJsW2EeBo9lY/api/nodes HTTP/1.1" 200 -
[15/Jun/2026 01:42:43] "GET /EJsW2EeBo9lY/api/nodes HTTP/1.1" 200 -
[15/Jun/2026 01:42:44] "GET /EJsW2EeBo9lY/api/nodes HTTP/1.1" 200 -
[15/Jun/2026 01:42:45] "GET /EJsW2EeBo9lY/api/nodes HTTP/1.1" 200 -
[15/Jun/2026 01:42:46] "GET /EJsW2EeBo9lY/api/nodes HTTP/1.1" 200 -
[15/Jun/2026 01:42:47] "GET /EJsW2EeBo9lY/api/nodes HTTP/1.1" 200 -
[15/Jun/2026 01:42:48] "GET /EJsW2EeBo9lY/api/nodes HTTP/1.1" 200 -
[15/Jun/2026 01:42:49] "GET /EJsW2EeBo9lY/api/nodes HTTP/1.1" 200 -
[15/Jun/2026 01:42:50] "GET /EJsW2EeBo9lY/api/nodes HTTP/1.1" 200 -
[15/Jun/2026 01:42:51] "GET /EJsW2EeBo9lY/api/nodes HTTP/1.1" 200 -
[15/Jun/2026 01:42:52] "GET /EJsW2EeBo9lY/api/nodes HTTP/1.1" 200 -
[15/Jun/2026 01:42:53] "GET /EJsW2EeBo9lY/api/nodes HTTP/1.1" 200 -
[15/Jun/2026 01:42:54] "GET /EJsW2EeBo9lY/api/nodes HTTP/1.1" 200 -
[15/Jun/2026 01:42:55] "GET /EJsW2EeBo9lY/api/nodes HTTP/1.1" 200 -
[15/Jun/2026 01:42:56] "GET /EJsW2EeBo9lY/api/nodes HTTP/1.1" 200 -
[15/Jun/2026 01:42:57] "GET /EJsW2EeBo9lY/api/nodes HTTP/1.1" 200 -
[15/Jun/2026 01:42:58] "GET /EJsW2EeBo9lY/api/nodes HTTP/1.1" 200 -
[15/Jun/2026 01:42:59] "GET /EJsW2EeBo9lY/api/nodes HTTP/1.1" 200 -
[15/Jun/2026 01:43:00] "GET /EJsW2EeBo9lY/api/nodes HTTP/1.1" 200 -
[15/Jun/2026 01:43:01] "GET /EJsW2EeBo9lY/api/nodes HTTP/1.1" 200 -
[15/Jun/2026 01:43:02] "GET /EJsW2EeBo9lY/api/nodes HTTP/1.1" 200 -
[15/Jun/2026 01:43:03] "GET /EJsW2EeBo9lY/api/nodes HTTP/1.1" 200 -
[15/Jun/2026 01:43:04] "GET /EJsW2EeBo9lY/api/nodes HTTP/1.1" 200 -
[15/Jun/2026 01:43:05] "GET /EJsW2EeBo9lY/api/nodes HTTP/1.1" 200 -
[15/Jun/2026 01:43:06] "GET /EJsW2EeBo9lY/api/nodes HTTP/1.1" 200 -
[15/Jun/2026 01:43:07] "GET /EJsW2EeBo9lY/api/nodes HTTP/1.1" 200 -
[15/Jun/2026 01:43:08] "GET /EJsW2EeBo9lY/api/nodes HTTP/1.1" 200 -
[15/Jun/2026 01:43:09] "GET /EJsW2EeBo9lY/api/nodes HTTP/1.1" 200 -
[15/Jun/2026 01:43:10] "GET /EJsW2EeBo9lY/api/nodes HTTP/1.1" 200 -
[15/Jun/2026 01:43:11] "GET /EJsW2EeBo9lY/api/nodes HTTP/1.1" 200 -
[15/Jun/2026 01:43:12] "GET /EJsW2EeBo9lY/api/nodes HTTP/1.1" 200 -
[15/Jun/2026 01:43:13] "GET /EJsW2EeBo9lY/api/nodes HTTP/1.1" 200 -
[15/Jun/2026 01:43:14] "GET /EJsW2EeBo9lY/api/nodes HTTP/1.1" 200 -
[15/Jun/2026 01:44:14] "GET /EJsW2EeBo9lY HTTP/1.1" 302 -
[15/Jun/2026 01:44:15] "GET /EJsW2EeBo9lY/ HTTP/1.1" 200 -
[15/Jun/2026 01:44:16] "GET /favicon.ico HTTP/1.1" 404 -
[15/Jun/2026 01:44:22] "POST /EJsW2EeBo9lY/api/login HTTP/1.1" 200 -
[15/Jun/2026 01:44:22] "GET /EJsW2EeBo9lY/ HTTP/1.1" 200 -
[15/Jun/2026 01:44:23] "GET /EJsW2EeBo9lY/api/nodes HTTP/1.1" 200 -
[15/Jun/2026 01:44:24] "GET /EJsW2EeBo9lY/api/nodes HTTP/1.1" 200 -
[15/Jun/2026 01:44:25] "GET /EJsW2EeBo9lY/api/nodes HTTP/1.1" 200 -
[15/Jun/2026 01:44:26] "GET /EJsW2EeBo9lY/api/nodes HTTP/1.1" 200 -
[15/Jun/2026 01:44:27] "GET /EJsW2EeBo9lY/api/nodes HTTP/1.1" 200 -
[15/Jun/2026 01:44:28] "GET /EJsW2EeBo9lY/api/nodes HTTP/1.1" 200 -
[15/Jun/2026 01:44:29] "GET /EJsW2EeBo9lY/api/nodes HTTP/1.1" 200 -
[15/Jun/2026 01:44:30] "GET /EJsW2EeBo9lY/api/nodes HTTP/1.1" 200 -
[15/Jun/2026 01:44:31] "GET /EJsW2EeBo9lY/api/nodes HTTP/1.1" 200 -
[15/Jun/2026 01:44:32] "GET /EJsW2EeBo9lY/api/nodes HTTP/1.1" 200 -
[15/Jun/2026 01:44:33] "GET /EJsW2EeBo9lY/api/nodes HTTP/1.1" 200 -
[15/Jun/2026 01:44:34] "GET /EJsW2EeBo9lY/api/nodes HTTP/1.1" 200 -
[15/Jun/2026 01:44:35] "GET /EJsW2EeBo9lY/api/nodes HTTP/1.1" 200 -
[15/Jun/2026 01:44:36] "GET /EJsW2EeBo9lY/api/nodes HTTP/1.1" 200 -
[15/Jun/2026 01:44:37] "GET /EJsW2EeBo9lY/api/nodes HTTP/1.1" 200 -
[15/Jun/2026 01:44:38] "GET /EJsW2EeBo9lY/api/nodes HTTP/1.1" 200 -
[15/Jun/2026 01:44:39] "GET /EJsW2EeBo9lY/api/nodes HTTP/1.1" 200 -
[15/Jun/2026 01:44:40] "GET /EJsW2EeBo9lY/api/nodes HTTP/1.1" 200 -
[15/Jun/2026 01:44:41] "GET /EJsW2EeBo9lY/api/nodes HTTP/1.1" 200 -
[15/Jun/2026 01:44:42] "GET /EJsW2EeBo9lY/api/nodes HTTP/1.1" 200 -
[15/Jun/2026 01:44:43] "GET /EJsW2EeBo9lY/api/nodes HTTP/1.1" 200 -
[15/Jun/2026 01:44:44] "GET /EJsW2EeBo9lY/api/nodes HTTP/1.1" 200 -
[15/Jun/2026 01:44:44] "POST /EJsW2EeBo9lY/api/update_settings HTTP/1.1" 200 -
[15/Jun/2026 01:44:46] "GET /EJsW2EeBo9lY/api/nodes HTTP/1.1" 200 -
[15/Jun/2026 01:44:46] "GET /EJsW2EeBo9lY/api/nodes HTTP/1.1" 200 -
[系统] 代理出站端口变更，进程即将退出以触发自动重启...
[网关] 正在启动代理网关...
HTTP/SOCKS5 proxy listening on 127.0.0.1:7928
[网关] 代理网关已成功启动监听，启动同步与检测脚本...
[守护线程] 开始执行节点拉取与可用性检测周期任务...
UI: http://:::8787/
Proxy: http://127.0.0.1:7928
[fetch_candidates] 尝试拉取 https://www.vpngate.net/api/iphone/ (SSL验证: True, 第 1 次尝试)...
[周期检测] 开始对列表中所有候选节点进行周期连通性与延迟测试，待检测节点共 97 个
[15/Jun/2026 01:44:54] "GET /EJsW2EeBo9lY/ HTTP/1.1" 200 -
[15/Jun/2026 01:44:57] "POST /EJsW2EeBo9lY/api/login HTTP/1.1" 200 -
[15/Jun/2026 01:44:57] "GET /EJsW2EeBo9lY/ HTTP/1.1" 200 -
[15/Jun/2026 01:44:58] "GET /EJsW2EeBo9lY/api/nodes HTTP/1.1" 200 -
[15/Jun/2026 01:44:59] "GET /EJsW2EeBo9lY/api/nodes HTTP/1.1" 200 -
[15/Jun/2026 01:45:00] "GET /EJsW2EeBo9lY/api/nodes HTTP/1.1" 200 -
[15/Jun/2026 01:45:01] "GET /EJsW2EeBo9lY/api/nodes HTTP/1.1" 200 -
[15/Jun/2026 01:45:02] "GET /EJsW2EeBo9lY/api/nodes HTTP/1.1" 200 -
[15/Jun/2026 01:45:03] "GET /EJsW2EeBo9lY/api/nodes HTTP/1.1" 200 -
[15/Jun/2026 01:45:04] "GET /EJsW2EeBo9lY/api/nodes HTTP/1.1" 200 -
[15/Jun/2026 01:45:05] "GET /EJsW2EeBo9lY/api/nodes HTTP/1.1" 200 -
[15/Jun/2026 01:45:06] "GET /EJsW2EeBo9lY/api/nodes HTTP/1.1" 200 -
[15/Jun/2026 01:45:07] "GET /EJsW2EeBo9lY/api/nodes HTTP/1.1" 200 -
[15/Jun/2026 01:45:08] "GET /EJsW2EeBo9lY/api/nodes HTTP/1.1" 200 -
[15/Jun/2026 01:45:09] "GET /EJsW2EeBo9lY/api/nodes HTTP/1.1" 200 -
[15/Jun/2026 01:45:10] "GET /EJsW2EeBo9lY/api/nodes HTTP/1.1" 200 -
[15/Jun/2026 01:45:11] "GET /EJsW2EeBo9lY/api/nodes HTTP/1.1" 200 -
[15/Jun/2026 01:45:12] "GET /EJsW2EeBo9lY/api/nodes HTTP/1.1" 200 -
[15/Jun/2026 01:45:13] "GET /EJsW2EeBo9lY/api/nodes HTTP/1.1" 200 -
[15/Jun/2026 01:45:14] "GET /EJsW2EeBo9lY/api/nodes HTTP/1.1" 200 -
[15/Jun/2026 01:45:15] "GET /EJsW2EeBo9lY/api/nodes HTTP/1.1" 200 -
[周期检测] 周期节点检测完成。实时同步状态: 获取到候选节点共 97 个。 其中【可用节点】46 个: ['TH_49.49.235.188_1319_udp', 'JP_182.170.170.150_1841_tcp', 'JP_219.28.132.31_1574_tcp', 'JP_106.159.116.186_1830_tcp', 'JP_110.163.147.10_1194_tcp', 'JP_126.221.31.122_1837_tcp', 'JP_126.220.125.3_1323_tcp', 'TH_49.228.123.113_1561_udp', 'JP_153.151.203.235_1832_tcp', 'JP_60.75.209.134_1926_tcp', 'TH_184.22.78.76_1307_udp', 'KR_221.167.26.145_995_tcp', 'KR_59.5.123.29_995_tcp', 'KR_220.123.3.83_995_tcp', 'KR_61.252.210.134_995_tcp']...; 【不可用节点】51 个; 当前【正在正常运行的活动连接节点】为: 无。
[自动切换] 当前连接已失效或代理连通性检测失败，正在自动切换至最佳备用节点: JP_182.170.170.150_1841_tcp
[policy_routing] Cleared policy routing table 100
[OpenVPN] 2026-06-15 01:47:51 Note: cipher 'AES-128-CBC' in --data-ciphers is not supported by ovpn-dco, disabling data channel offload.
[OpenVPN] 2026-06-15 01:47:51 OpenVPN 2.6.14 x86_64-pc-linux-gnu [SSL (OpenSSL)] [LZO] [LZ4] [EPOLL] [PKCS11] [MH/PKTINFO] [AEAD] [DCO]
[OpenVPN] 2026-06-15 01:47:51 library versions: OpenSSL 3.0.20 7 Apr 2026, LZO 2.10
[OpenVPN] 2026-06-15 01:47:51 DCO version: N/A
[OpenVPN] 2026-06-15 01:47:51 WARNING: No server certificate verification method has been enabled.  See http://openvpn.net/howto.html#mitm for more info.
[OpenVPN] 2026-06-15 01:47:51 WARNING: experimental option --capath /etc/ssl/certs
[OpenVPN] 2026-06-15 01:47:51 TCP/UDP: Preserving recently used remote address: [AF_INET]182.170.170.150:1841
[OpenVPN] 2026-06-15 01:47:51 Socket Buffers: R=[131072->131072] S=[16384->16384]
[OpenVPN] 2026-06-15 01:47:51 Attempting to establish TCP connection with [AF_INET]182.170.170.150:1841
[OpenVPN] 2026-06-15 01:47:51 TCP connection established with [AF_INET]182.170.170.150:1841
[OpenVPN] 2026-06-15 01:47:51 TCPv4_CLIENT link local: (not bound)
[OpenVPN] 2026-06-15 01:47:51 TCPv4_CLIENT link remote: [AF_INET]182.170.170.150:1841
[OpenVPN] 2026-06-15 01:47:51 TLS: Initial packet from [AF_INET]182.170.170.150:1841, sid=a149ec03 c1c5f12e
[OpenVPN] 2026-06-15 01:47:51 VERIFY WARNING: depth=0, unable to get certificate CRL: CN=opengw.net
[OpenVPN] 2026-06-15 01:47:51 VERIFY WARNING: depth=1, unable to get certificate CRL: C=US, O=Let's Encrypt, CN=YR1
[OpenVPN] 2026-06-15 01:47:51 VERIFY WARNING: depth=2, unable to get certificate CRL: C=US, O=ISRG, CN=Root YR
[OpenVPN] 2026-06-15 01:47:51 VERIFY WARNING: depth=3, unable to get certificate CRL: C=US, O=Internet Security Research Group, CN=ISRG Root X1
[OpenVPN] 2026-06-15 01:47:51 VERIFY OK: depth=3, C=US, O=Internet Security Research Group, CN=ISRG Root X1
[OpenVPN] 2026-06-15 01:47:51 VERIFY OK: depth=2, C=US, O=ISRG, CN=Root YR
[OpenVPN] 2026-06-15 01:47:51 VERIFY OK: depth=1, C=US, O=Let's Encrypt, CN=YR1
[OpenVPN] 2026-06-15 01:47:51 VERIFY OK: depth=0, CN=opengw.net
[OpenVPN] 2026-06-15 01:47:51 Control Channel: TLSv1.3, cipher TLSv1.3 TLS_AES_256_GCM_SHA384, peer certificate: 2048 bits RSA, signature: RSA-SHA256, peer temporary key: 253 bits X25519
[OpenVPN] 2026-06-15 01:47:51 [opengw.net] Peer Connection Initiated with [AF_INET]182.170.170.150:1841
[OpenVPN] 2026-06-15 01:47:51 TLS: move_session: dest=TM_ACTIVE src=TM_INITIAL reinit_src=1
[OpenVPN] 2026-06-15 01:47:51 TLS: tls_multi_process: initial untrusted session promoted to trusted
[OpenVPN] 2026-06-15 01:47:52 SENT CONTROL [opengw.net]: 'PUSH_REQUEST' (status=1)
[OpenVPN] 2026-06-15 01:47:52 PUSH: Received control message: 'PUSH_REPLY,ping 3,ping-restart 10,ifconfig 10.211.1.69 10.211.1.70,dhcp-option DNS 10.211.254.254,dhcp-option DNS 8.8.8.8,route-gateway 10.211.1.70,redirect-gateway def1'
[OpenVPN] 2026-06-15 01:47:52 Options error: option 'dhcp-option' cannot be used in this context ([PUSH-OPTIONS])
[OpenVPN] 2026-06-15 01:47:52 Options error: option 'dhcp-option' cannot be used in this context ([PUSH-OPTIONS])
[OpenVPN] 2026-06-15 01:47:52 Options error: option 'redirect-gateway' cannot be used in this context ([PUSH-OPTIONS])
[OpenVPN] 2026-06-15 01:47:52 OPTIONS IMPORT: --ifconfig/up options modified
[OpenVPN] 2026-06-15 01:47:52 OPTIONS IMPORT: route-related options modified
[OpenVPN] 2026-06-15 01:47:52 Using peer cipher 'AES-128-CBC'
[OpenVPN] 2026-06-15 01:47:52 TUN/TAP device tun0 opened
[OpenVPN] 2026-06-15 01:47:52 net_iface_mtu_set: mtu 1500 for tun0
[OpenVPN] 2026-06-15 01:47:52 net_iface_up: set tun0 up
[OpenVPN] 2026-06-15 01:47:52 net_addr_ptp_v4_add: 10.211.1.69 peer 10.211.1.70 dev tun0
[OpenVPN] 2026-06-15 01:47:52 Data Channel: cipher 'AES-128-CBC', auth 'SHA1'
[OpenVPN] 2026-06-15 01:47:52 Timers: ping 3, ping-restart 10
[OpenVPN] 2026-06-15 01:47:54 Initialization Sequence Completed
[policy_routing] Enabled policy routing for interface tun0 (attempt 1 success)
